{"log":"Backend running on port 8000\n","stream":"stdout","time":"2025-02-17T12:56:49.390589428Z"}
{"log":"MongoDB connected\n","stream":"stdout","time":"2025-02-17T12:56:49.438132495Z"}
{"log":"Request: c43040ae-6846-4938-b9d0-879ef3576ac7:36a9d282-3941-449c-875f-bb8fd6a45118\n","stream":"stdout","time":"2025-02-17T12:57:17.850330325Z"}
{"log":"Request: c43040ae-6846-4938-b9d0-879ef3576ac7:36a9d282-3941-449c-875f-bb8fd6a45118\n","stream":"stdout","time":"2025-02-17T12:57:17.852252787Z"}
{"log":"Request: c43040ae-6846-4938-b9d0-879ef3576ac7:36a9d282-3941-449c-875f-bb8fd6a45118\n","stream":"stdout","time":"2025-02-17T12:57:17.854415589Z"}
{"log":"Request: c43040ae-6846-4938-b9d0-879ef3576ac7:36a9d282-3941-449c-875f-bb8fd6a45118\n","stream":"stdout","time":"2025-02-17T12:57:17.855970848Z"}
{"log":"Request: c43040ae-6846-4938-b9d0-879ef3576ac7:36a9d282-3941-449c-875f-bb8fd6a45118\n","stream":"stdout","time":"2025-02-17T12:57:19.949651734Z"}
{"log":"Request: c43040ae-6846-4938-b9d0-879ef3576ac7:36a9d282-3941-449c-875f-bb8fd6a45118\n","stream":"stdout","time":"2025-02-17T12:57:19.951092032Z"}
{"log":"Request: c43040ae-6846-4938-b9d0-879ef3576ac7:36a9d282-3941-449c-875f-bb8fd6a45118\n","stream":"stdout","time":"2025-02-17T12:57:19.951977277Z"}
{"log":"Request: c43040ae-6846-4938-b9d0-879ef3576ac7:36a9d282-3941-449c-875f-bb8fd6a45118\n","stream":"stdout","time":"2025-02-17T12:57:19.954764363Z"}
{"log":"Request: c43040ae-6846-4938-b9d0-879ef3576ac7:36a9d282-3941-449c-875f-bb8fd6a45118\n","stream":"stdout","time":"2025-02-17T12:57:22.044499711Z"}
{"log":"Request: c43040ae-6846-4938-b9d0-879ef3576ac7:36a9d282-3941-449c-875f-bb8fd6a45118\n","stream":"stdout","time":"2025-02-17T12:57:22.045618538Z"}
{"log":"Request: c43040ae-6846-4938-b9d0-879ef3576ac7:36a9d282-3941-449c-875f-bb8fd6a45118\n","stream":"stdout","time":"2025-02-17T12:57:22.046207261Z"}
{"log":"Request: c43040ae-6846-4938-b9d0-879ef3576ac7:36a9d282-3941-449c-875f-bb8fd6a45118\n","stream":"stdout","time":"2025-02-17T12:57:22.047569869Z"}
{"log":"Request: c43040ae-6846-4938-b9d0-879ef3576ac7:36a9d282-3941-449c-875f-bb8fd6a45118\n","stream":"stdout","time":"2025-02-17T12:57:24.123408709Z"}
{"log":"Request: c43040ae-6846-4938-b9d0-879ef3576ac7:36a9d282-3941-449c-875f-bb8fd6a45118\n","stream":"stdout","time":"2025-02-17T12:57:24.125599781Z"}
{"log":"Request: c43040ae-6846-4938-b9d0-879ef3576ac7:36a9d282-3941-449c-875f-bb8fd6a45118\n","stream":"stdout","time":"2025-02-17T12:57:24.138597478Z"}
{"log":"Request: c43040ae-6846-4938-b9d0-879ef3576ac7:36a9d282-3941-449c-875f-bb8fd6a45118\n","stream":"stdout","time":"2025-02-17T12:57:24.140243907Z"}
{"log":"Request: c43040ae-6846-4938-b9d0-879ef3576ac7:36a9d282-3941-449c-875f-bb8fd6a45118\n","stream":"stdout","time":"2025-02-17T12:57:26.207388684Z"}
{"log":"Request: c43040ae-6846-4938-b9d0-879ef3576ac7:36a9d282-3941-449c-875f-bb8fd6a45118\n","stream":"stdout","time":"2025-02-17T12:57:26.208954423Z"}
{"log":"Request: c43040ae-6846-4938-b9d0-879ef3576ac7:36a9d282-3941-449c-875f-bb8fd6a45118\n","stream":"stdout","time":"2025-02-17T12:57:26.221703519Z"}
{"log":"Request: c43040ae-6846-4938-b9d0-879ef3576ac7:36a9d282-3941-449c-875f-bb8fd6a45118\n","stream":"stdout","time":"2025-02-17T12:57:26.223613959Z"}
{"log":"Request: c43040ae-6846-4938-b9d0-879ef3576ac7:36a9d282-3941-449c-875f-bb8fd6a45118\n","stream":"stdout","time":"2025-02-17T12:57:28.292424306Z"}
{"log":"Request: c43040ae-6846-4938-b9d0-879ef3576ac7:36a9d282-3941-449c-875f-bb8fd6a45118\n","stream":"stdout","time":"2025-02-17T12:57:28.293526263Z"}
{"log":"Request: c43040ae-6846-4938-b9d0-879ef3576ac7:36a9d282-3941-449c-875f-bb8fd6a45118\n","stream":"stdout","time":"2025-02-17T12:57:28.307263154Z"}
{"log":"Request: c43040ae-6846-4938-b9d0-879ef3576ac7:36a9d282-3941-449c-875f-bb8fd6a45118\n","stream":"stdout","time":"2025-02-17T12:57:28.308692302Z"}
{"log":"Request: c43040ae-6846-4938-b9d0-879ef3576ac7:36a9d282-3941-449c-875f-bb8fd6a45118\n","stream":"stdout","time":"2025-02-17T12:57:30.378333694Z"}
{"log":"Request: c43040ae-6846-4938-b9d0-879ef3576ac7:36a9d282-3941-449c-875f-bb8fd6a45118\n","stream":"stdout","time":"2025-02-17T12:57:30.380513187Z"}
{"log":"Request: c43040ae-6846-4938-b9d0-879ef3576ac7:36a9d282-3941-449c-875f-bb8fd6a45118\n","stream":"stdout","time":"2025-02-17T12:57:30.392636769Z"}
{"log":"Request: c43040ae-6846-4938-b9d0-879ef3576ac7:36a9d282-3941-449c-875f-bb8fd6a45118\n","stream":"stdout","time":"2025-02-17T12:57:30.394506311Z"}
{"log":"Request: c43040ae-6846-4938-b9d0-879ef3576ac7:36a9d282-3941-449c-875f-bb8fd6a45118\n","stream":"stdout","time":"2025-02-17T12:57:32.46701722Z"}
{"log":"Request: c43040ae-6846-4938-b9d0-879ef3576ac7:36a9d282-3941-449c-875f-bb8fd6a45118\n","stream":"stdout","time":"2025-02-17T12:57:32.468935811Z"}
{"log":"Request: c43040ae-6846-4938-b9d0-879ef3576ac7:36a9d282-3941-449c-875f-bb8fd6a45118\n","stream":"stdout","time":"2025-02-17T12:57:32.481587976Z"}
{"log":"Request: c43040ae-6846-4938-b9d0-879ef3576ac7:36a9d282-3941-449c-875f-bb8fd6a45118\n","stream":"stdout","time":"2025-02-17T12:57:32.482941164Z"}
{"log":"Request: c43040ae-6846-4938-b9d0-879ef3576ac7:36a9d282-3941-449c-875f-bb8fd6a45118\n","stream":"stdout","time":"2025-02-17T12:57:34.551079499Z"}
{"log":"Request: c43040ae-6846-4938-b9d0-879ef3576ac7:36a9d282-3941-449c-875f-bb8fd6a45118\n","stream":"stdout","time":"2025-02-17T12:57:34.553153971Z"}
{"log":"Request: c43040ae-6846-4938-b9d0-879ef3576ac7:36a9d282-3941-449c-875f-bb8fd6a45118\n","stream":"stdout","time":"2025-02-17T12:57:34.560731815Z"}
{"log":"Request: c43040ae-6846-4938-b9d0-879ef3576ac7:36a9d282-3941-449c-875f-bb8fd6a45118\n","stream":"stdout","time":"2025-02-17T12:57:34.562074953Z"}
{"log":"Scan: c43040ae-6846-4938-b9d0-879ef3576ac7:36a9d282-3941-449c-875f-bb8fd6a45118:67b32eea153e33882515a1c3\n","stream":"stdout","time":"2025-02-17T12:57:36.133481322Z"}
{"log":"Station not found\n","stream":"stdout","time":"2025-02-17T12:57:36.135365453Z"}
{"log":"Request: c43040ae-6846-4938-b9d0-879ef3576ac7:36a9d282-3941-449c-875f-bb8fd6a45118\n","stream":"stdout","time":"2025-02-17T12:57:36.630907261Z"}
{"log":"Request: c43040ae-6846-4938-b9d0-879ef3576ac7:36a9d282-3941-449c-875f-bb8fd6a45118\n","stream":"stdout","time":"2025-02-17T12:57:36.632140598Z"}
{"log":"Request: c43040ae-6846-4938-b9d0-879ef3576ac7:36a9d282-3941-449c-875f-bb8fd6a45118\n","stream":"stdout","time":"2025-02-17T12:57:36.645586069Z"}
{"log":"Request: c43040ae-6846-4938-b9d0-879ef3576ac7:36a9d282-3941-449c-875f-bb8fd6a45118\n","stream":"stdout","time":"2025-02-17T12:57:36.646939176Z"}
{"log":"Request: c43040ae-6846-4938-b9d0-879ef3576ac7:36a9d282-3941-449c-875f-bb8fd6a45118\n","stream":"stdout","time":"2025-02-17T12:57:38.71661181Z"}
{"log":"Request: c43040ae-6846-4938-b9d0-879ef3576ac7:36a9d282-3941-449c-875f-bb8fd6a45118\n","stream":"stdout","time":"2025-02-17T12:57:38.719223986Z"}
{"log":"Request: c43040ae-6846-4938-b9d0-879ef3576ac7:36a9d282-3941-449c-875f-bb8fd6a45118\n","stream":"stdout","time":"2025-02-17T12:57:38.731084246Z"}
{"log":"Request: c43040ae-6846-4938-b9d0-879ef3576ac7:36a9d282-3941-449c-875f-bb8fd6a45118\n","stream":"stdout","time":"2025-02-17T12:57:38.732535675Z"}
{"log":"Request: c43040ae-6846-4938-b9d0-879ef3576ac7:36a9d282-3941-449c-875f-bb8fd6a45118\n","stream":"stdout","time":"2025-02-17T12:57:40.804556368Z"}
{"log":"Request: c43040ae-6846-4938-b9d0-879ef3576ac7:36a9d282-3941-449c-875f-bb8fd6a45118\n","stream":"stdout","time":"2025-02-17T12:57:40.805794456Z"}
{"log":"Request: c43040ae-6846-4938-b9d0-879ef3576ac7:36a9d282-3941-449c-875f-bb8fd6a45118\n","stream":"stdout","time":"2025-02-17T12:57:40.819155246Z"}
{"log":"Request: c43040ae-6846-4938-b9d0-879ef3576ac7:36a9d282-3941-449c-875f-bb8fd6a45118\n","stream":"stdout","time":"2025-02-17T12:57:40.820540134Z"}
{"log":"Request: c43040ae-6846-4938-b9d0-879ef3576ac7:36a9d282-3941-449c-875f-bb8fd6a45118\n","stream":"stdout","time":"2025-02-17T12:57:42.882759199Z"}
{"log":"Request: c43040ae-6846-4938-b9d0-879ef3576ac7:36a9d282-3941-449c-875f-bb8fd6a45118\n","stream":"stdout","time":"2025-02-17T12:57:42.884583561Z"}
{"log":"Request: c43040ae-6846-4938-b9d0-879ef3576ac7:36a9d282-3941-449c-875f-bb8fd6a45118\n","stream":"stdout","time":"2025-02-17T12:57:42.897476878Z"}
{"log":"Request: c43040ae-6846-4938-b9d0-879ef3576ac7:36a9d282-3941-449c-875f-bb8fd6a45118\n","stream":"stdout","time":"2025-02-17T12:57:42.898894897Z"}
{"log":"Request: c43040ae-6846-4938-b9d0-879ef3576ac7:36a9d282-3941-449c-875f-bb8fd6a45118\n","stream":"stdout","time":"2025-02-17T12:57:44.97074563Z"}
{"log":"Request: c43040ae-6846-4938-b9d0-879ef3576ac7:36a9d282-3941-449c-875f-bb8fd6a45118\n","stream":"stdout","time":"2025-02-17T12:57:44.971995216Z"}
{"log":"Request: c43040ae-6846-4938-b9d0-879ef3576ac7:36a9d282-3941-449c-875f-bb8fd6a45118\n","stream":"stdout","time":"2025-02-17T12:57:44.985149476Z"}
{"log":"Request: c43040ae-6846-4938-b9d0-879ef3576ac7:36a9d282-3941-449c-875f-bb8fd6a45118\n","stream":"stdout","time":"2025-02-17T12:57:44.986666725Z"}
{"log":"Request: c43040ae-6846-4938-b9d0-879ef3576ac7:36a9d282-3941-449c-875f-bb8fd6a45118\n","stream":"stdout","time":"2025-02-17T12:57:47.056316553Z"}
{"log":"Request: c43040ae-6846-4938-b9d0-879ef3576ac7:36a9d282-3941-449c-875f-bb8fd6a45118\n","stream":"stdout","time":"2025-02-17T12:57:47.058435726Z"}
{"log":"Request: c43040ae-6846-4938-b9d0-879ef3576ac7:36a9d282-3941-449c-875f-bb8fd6a45118\n","stream":"stdout","time":"2025-02-17T12:57:47.15667277Z"}
{"log":"Request: c43040ae-6846-4938-b9d0-879ef3576ac7:36a9d282-3941-449c-875f-bb8fd6a45118\n","stream":"stdout","time":"2025-02-17T12:57:47.161270387Z"}
{"log":"/app/index.js:378\n","stream":"stderr","time":"2025-02-17T12:57:47.165777985Z"}
{"log":"            description: `Попытка регестрации станции ${deviceId}.`\n","stream":"stderr","time":"2025-02-17T12:57:47.165788745Z"}
{"log":"                                                        ^\n","stream":"stderr","time":"2025-02-17T12:57:47.165792795Z"}
{"log":"\n","stream":"stderr","time":"2025-02-17T12:57:47.165795035Z"}
{"log":"ReferenceError: deviceId is not defined\n","stream":"stderr","time":"2025-02-17T12:57:47.165797355Z"}
{"log":"    at /app/index.js:378:57\n","stream":"stderr","time":"2025-02-17T12:57:47.165799365Z"}
{"log":"    at process.processTicksAndRejections (node:internal/process/task_queues:105:5)\n","stream":"stderr","time":"2025-02-17T12:57:47.165801375Z"}
{"log":"\n","stream":"stderr","time":"2025-02-17T12:57:47.165803345Z"}
{"log":"Node.js v23.8.0\n","stream":"stderr","time":"2025-02-17T12:57:47.165805215Z"}
{"log":"Backend running on port 8000\n","stream":"stdout","time":"2025-02-17T12:57:48.621884779Z"}
{"log":"MongoDB connected\n","stream":"stdout","time":"2025-02-17T12:57:48.655522193Z"}
{"log":"Request: c43040ae-6846-4938-b9d0-879ef3576ac7:36a9d282-3941-449c-875f-bb8fd6a45118\n","stream":"stdout","time":"2025-02-17T12:57:51.227628731Z"}
{"log":"Request: c43040ae-6846-4938-b9d0-879ef3576ac7:36a9d282-3941-449c-875f-bb8fd6a45118\n","stream":"stdout","time":"2025-02-17T12:57:51.23231643Z"}
{"log":"Request: c43040ae-6846-4938-b9d0-879ef3576ac7:36a9d282-3941-449c-875f-bb8fd6a45118\n","stream":"stdout","time":"2025-02-17T12:57:51.34656188Z"}
{"log":"Request: c43040ae-6846-4938-b9d0-879ef3576ac7:36a9d282-3941-449c-875f-bb8fd6a45118\n","stream":"stdout","time":"2025-02-17T12:57:51.348224691Z"}
{"log":"Request: c43040ae-6846-4938-b9d0-879ef3576ac7:36a9d282-3941-449c-875f-bb8fd6a45118\n","stream":"stdout","time":"2025-02-17T12:57:53.325350069Z"}
{"log":"Request: c43040ae-6846-4938-b9d0-879ef3576ac7:36a9d282-3941-449c-875f-bb8fd6a45118\n","stream":"stdout","time":"2025-02-17T12:57:53.326864788Z"}
{"log":"Request: c43040ae-6846-4938-b9d0-879ef3576ac7:36a9d282-3941-449c-875f-bb8fd6a45118\n","stream":"stdout","time":"2025-02-17T12:57:53.4325601Z"}
{"log":"Request: c43040ae-6846-4938-b9d0-879ef3576ac7:36a9d282-3941-449c-875f-bb8fd6a45118\n","stream":"stdout","time":"2025-02-17T12:57:53.433522867Z"}
{"log":"Request: c43040ae-6846-4938-b9d0-879ef3576ac7:36a9d282-3941-449c-875f-bb8fd6a45118\n","stream":"stdout","time":"2025-02-17T12:57:55.424995134Z"}
{"log":"Request: c43040ae-6846-4938-b9d0-879ef3576ac7:36a9d282-3941-449c-875f-bb8fd6a45118\n","stream":"stdout","time":"2025-02-17T12:57:55.426984887Z"}
{"log":"Request: c43040ae-6846-4938-b9d0-879ef3576ac7:36a9d282-3941-449c-875f-bb8fd6a45118\n","stream":"stdout","time":"2025-02-17T12:57:55.518026611Z"}
{"log":"Request: c43040ae-6846-4938-b9d0-879ef3576ac7:36a9d282-3941-449c-875f-bb8fd6a45118\n","stream":"stdout","time":"2025-02-17T12:57:55.519834682Z"}
{"log":"Request: c43040ae-6846-4938-b9d0-879ef3576ac7:36a9d282-3941-449c-875f-bb8fd6a45118\n","stream":"stdout","time":"2025-02-17T12:57:57.517085684Z"}
{"log":"Request: c43040ae-6846-4938-b9d0-879ef3576ac7:36a9d282-3941-449c-875f-bb8fd6a45118\n","stream":"stdout","time":"2025-02-17T12:57:57.518314121Z"}
{"log":"Request: c43040ae-6846-4938-b9d0-879ef3576ac7:36a9d282-3941-449c-875f-bb8fd6a45118\n","stream":"stdout","time":"2025-02-17T12:57:57.608731063Z"}
{"log":"Request: c43040ae-6846-4938-b9d0-879ef3576ac7:36a9d282-3941-449c-875f-bb8fd6a45118\n","stream":"stdout","time":"2025-02-17T12:57:57.610544254Z"}
{"log":"Request: c43040ae-6846-4938-b9d0-879ef3576ac7:36a9d282-3941-449c-875f-bb8fd6a45118\n","stream":"stdout","time":"2025-02-17T12:57:59.604658615Z"}
{"log":"Request: c43040ae-6846-4938-b9d0-879ef3576ac7:36a9d282-3941-449c-875f-bb8fd6a45118\n","stream":"stdout","time":"2025-02-17T12:57:59.605878931Z"}
{"log":"Request: c43040ae-6846-4938-b9d0-879ef3576ac7:36a9d282-3941-449c-875f-bb8fd6a45118\n","stream":"stdout","time":"2025-02-17T12:57:59.695442199Z"}
{"log":"Request: c43040ae-6846-4938-b9d0-879ef3576ac7:36a9d282-3941-449c-875f-bb8fd6a45118\n","stream":"stdout","time":"2025-02-17T12:57:59.697635273Z"}
{"log":"Request: c43040ae-6846-4938-b9d0-879ef3576ac7:36a9d282-3941-449c-875f-bb8fd6a45118\n","stream":"stdout","time":"2025-02-17T12:58:01.706911403Z"}
{"log":"Request: c43040ae-6846-4938-b9d0-879ef3576ac7:36a9d282-3941-449c-875f-bb8fd6a45118\n","stream":"stdout","time":"2025-02-17T12:58:01.708343072Z"}
{"log":"Request: c43040ae-6846-4938-b9d0-879ef3576ac7:36a9d282-3941-449c-875f-bb8fd6a45118\n","stream":"stdout","time":"2025-02-17T12:58:01.783191293Z"}
{"log":"Request: c43040ae-6846-4938-b9d0-879ef3576ac7:36a9d282-3941-449c-875f-bb8fd6a45118\n","stream":"stdout","time":"2025-02-17T12:58:01.784960374Z"}
{"log":"Request: c43040ae-6846-4938-b9d0-879ef3576ac7:36a9d282-3941-449c-875f-bb8fd6a45118\n","stream":"stdout","time":"2025-02-17T12:58:03.796345823Z"}
{"log":"Request: c43040ae-6846-4938-b9d0-879ef3576ac7:36a9d282-3941-449c-875f-bb8fd6a45118\n","stream":"stdout","time":"2025-02-17T12:58:03.798527037Z"}
{"log":"Request: c43040ae-6846-4938-b9d0-879ef3576ac7:36a9d282-3941-449c-875f-bb8fd6a45118\n","stream":"stdout","time":"2025-02-17T12:58:03.873171476Z"}
{"log":"Request: c43040ae-6846-4938-b9d0-879ef3576ac7:36a9d282-3941-449c-875f-bb8fd6a45118\n","stream":"stdout","time":"2025-02-17T12:58:03.874556884Z"}
{"log":"Request: c43040ae-6846-4938-b9d0-879ef3576ac7:36a9d282-3941-449c-875f-bb8fd6a45118\n","stream":"stdout","time":"2025-02-17T12:58:05.875405406Z"}
{"log":"Request: c43040ae-6846-4938-b9d0-879ef3576ac7:36a9d282-3941-449c-875f-bb8fd6a45118\n","stream":"stdout","time":"2025-02-17T12:58:05.877071876Z"}
{"log":"Request: c43040ae-6846-4938-b9d0-879ef3576ac7:36a9d282-3941-449c-875f-bb8fd6a45118\n","stream":"stdout","time":"2025-02-17T12:58:05.96681208Z"}
{"log":"Request: c43040ae-6846-4938-b9d0-879ef3576ac7:36a9d282-3941-449c-875f-bb8fd6a45118\n","stream":"stdout","time":"2025-02-17T12:58:05.968052697Z"}
{"log":"Request: c43040ae-6846-4938-b9d0-879ef3576ac7:36a9d282-3941-449c-875f-bb8fd6a45118\n","stream":"stdout","time":"2025-02-17T12:58:07.964009057Z"}
{"log":"Request: c43040ae-6846-4938-b9d0-879ef3576ac7:36a9d282-3941-449c-875f-bb8fd6a45118\n","stream":"stdout","time":"2025-02-17T12:58:07.966583463Z"}
{"log":"Request: c43040ae-6846-4938-b9d0-879ef3576ac7:36a9d282-3941-449c-875f-bb8fd6a45118\n","stream":"stdout","time":"2025-02-17T12:58:08.055602634Z"}
{"log":"Request: c43040ae-6846-4938-b9d0-879ef3576ac7:36a9d282-3941-449c-875f-bb8fd6a45118\n","stream":"stdout","time":"2025-02-17T12:58:08.057615877Z"}
{"log":"Request: c43040ae-6846-4938-b9d0-879ef3576ac7:36a9d282-3941-449c-875f-bb8fd6a45118\n","stream":"stdout","time":"2025-02-17T12:58:10.065074554Z"}
{"log":"Request: c43040ae-6846-4938-b9d0-879ef3576ac7:36a9d282-3941-449c-875f-bb8fd6a45118\n","stream":"stdout","time":"2025-02-17T12:58:10.066245851Z"}
{"log":"Request: c43040ae-6846-4938-b9d0-879ef3576ac7:36a9d282-3941-449c-875f-bb8fd6a45118\n","stream":"stdout","time":"2025-02-17T12:58:10.141855779Z"}
{"log":"Request: c43040ae-6846-4938-b9d0-879ef3576ac7:36a9d282-3941-449c-875f-bb8fd6a45118\n","stream":"stdout","time":"2025-02-17T12:58:10.144036863Z"}
{"log":"Request: c43040ae-6846-4938-b9d0-879ef3576ac7:36a9d282-3941-449c-875f-bb8fd6a45118\n","stream":"stdout","time":"2025-02-17T12:58:12.152753167Z"}
{"log":"Request: c43040ae-6846-4938-b9d0-879ef3576ac7:36a9d282-3941-449c-875f-bb8fd6a45118\n","stream":"stdout","time":"2025-02-17T12:58:12.154559777Z"}
{"log":"Request: c43040ae-6846-4938-b9d0-879ef3576ac7:36a9d282-3941-449c-875f-bb8fd6a45118\n","stream":"stdout","time":"2025-02-17T12:58:12.227874722Z"}
{"log":"Request: c43040ae-6846-4938-b9d0-879ef3576ac7:36a9d282-3941-449c-875f-bb8fd6a45118\n","stream":"stdout","time":"2025-02-17T12:58:12.229415911Z"}
{"log":"Request: c43040ae-6846-4938-b9d0-879ef3576ac7:36a9d282-3941-449c-875f-bb8fd6a45118\n","stream":"stdout","time":"2025-02-17T12:58:14.241280242Z"}
{"log":"Request: c43040ae-6846-4938-b9d0-879ef3576ac7:36a9d282-3941-449c-875f-bb8fd6a45118\n","stream":"stdout","time":"2025-02-17T12:58:14.242534249Z"}
{"log":"Request: c43040ae-6846-4938-b9d0-879ef3576ac7:36a9d282-3941-449c-875f-bb8fd6a45118\n","stream":"stdout","time":"2025-02-17T12:58:14.317210074Z"}
{"log":"Request: c43040ae-6846-4938-b9d0-879ef3576ac7:36a9d282-3941-449c-875f-bb8fd6a45118\n","stream":"stdout","time":"2025-02-17T12:58:14.318526362Z"}
{"log":"Request: c43040ae-6846-4938-b9d0-879ef3576ac7:36a9d282-3941-449c-875f-bb8fd6a45118\n","stream":"stdout","time":"2025-02-17T12:58:16.328397455Z"}
{"log":"Request: c43040ae-6846-4938-b9d0-879ef3576ac7:36a9d282-3941-449c-875f-bb8fd6a45118\n","stream":"stdout","time":"2025-02-17T12:58:16.330548809Z"}
{"log":"Request: c43040ae-6846-4938-b9d0-879ef3576ac7:36a9d282-3941-449c-875f-bb8fd6a45118\n","stream":"stdout","time":"2025-02-17T12:58:16.40473242Z"}
{"log":"Request: c43040ae-6846-4938-b9d0-879ef3576ac7:36a9d282-3941-449c-875f-bb8fd6a45118\n","stream":"stdout","time":"2025-02-17T12:58:16.406738212Z"}
{"log":"Request: c43040ae-6846-4938-b9d0-879ef3576ac7:36a9d282-3941-449c-875f-bb8fd6a45118\n","stream":"stdout","time":"2025-02-17T12:58:18.417259397Z"}
{"log":"Request: c43040ae-6846-4938-b9d0-879ef3576ac7:36a9d282-3941-449c-875f-bb8fd6a45118\n","stream":"stdout","time":"2025-02-17T12:58:18.417546609Z"}
{"log":"Request: c43040ae-6846-4938-b9d0-879ef3576ac7:36a9d282-3941-449c-875f-bb8fd6a45118\n","stream":"stdout","time":"2025-02-17T12:58:18.492415467Z"}
{"log":"Request: c43040ae-6846-4938-b9d0-879ef3576ac7:36a9d282-3941-449c-875f-bb8fd6a45118\n","stream":"stdout","time":"2025-02-17T12:58:18.493556823Z"}
{"log":"Request: c43040ae-6846-4938-b9d0-879ef3576ac7:36a9d282-3941-449c-875f-bb8fd6a45118\n","stream":"stdout","time":"2025-02-17T12:58:20.501704522Z"}
{"log":"Request: c43040ae-6846-4938-b9d0-879ef3576ac7:36a9d282-3941-449c-875f-bb8fd6a45118\n","stream":"stdout","time":"2025-02-17T12:58:20.502762888Z"}
{"log":"Request: c43040ae-6846-4938-b9d0-879ef3576ac7:36a9d282-3941-449c-875f-bb8fd6a45118\n","stream":"stdout","time":"2025-02-17T12:58:20.576973421Z"}
{"log":"Request: c43040ae-6846-4938-b9d0-879ef3576ac7:36a9d282-3941-449c-875f-bb8fd6a45118\n","stream":"stdout","time":"2025-02-17T12:58:20.578215608Z"}
{"log":"Request: c43040ae-6846-4938-b9d0-879ef3576ac7:36a9d282-3941-449c-875f-bb8fd6a45118\n","stream":"stdout","time":"2025-02-17T12:58:22.593369842Z"}
{"log":"Request: c43040ae-6846-4938-b9d0-879ef3576ac7:36a9d282-3941-449c-875f-bb8fd6a45118\n","stream":"stdout","time":"2025-02-17T12:58:22.595980738Z"}
{"log":"Request: c43040ae-6846-4938-b9d0-879ef3576ac7:36a9d282-3941-449c-875f-bb8fd6a45118\n","stream":"stdout","time":"2025-02-17T12:58:22.668881447Z"}
{"log":"Request: c43040ae-6846-4938-b9d0-879ef3576ac7:36a9d282-3941-449c-875f-bb8fd6a45118\n","stream":"stdout","time":"2025-02-17T12:58:22.670718918Z"}
{"log":"Request: c43040ae-6846-4938-b9d0-879ef3576ac7:36a9d282-3941-449c-875f-bb8fd6a45118\n","stream":"stdout","time":"2025-02-17T12:58:24.681165551Z"}
{"log":"Request: c43040ae-6846-4938-b9d0-879ef3576ac7:36a9d282-3941-449c-875f-bb8fd6a45118\n","stream":"stdout","time":"2025-02-17T12:58:24.682106846Z"}
{"log":"Request: c43040ae-6846-4938-b9d0-879ef3576ac7:36a9d282-3941-449c-875f-bb8fd6a45118\n","stream":"stdout","time":"2025-02-17T12:58:24.771899251Z"}
{"log":"Request: c43040ae-6846-4938-b9d0-879ef3576ac7:36a9d282-3941-449c-875f-bb8fd6a45118\n","stream":"stdout","time":"2025-02-17T12:58:24.773011837Z"}
{"log":"Request: c43040ae-6846-4938-b9d0-879ef3576ac7:36a9d282-3941-449c-875f-bb8fd6a45118\n","stream":"stdout","time":"2025-02-17T12:58:26.769509849Z"}
{"log":"Request: c43040ae-6846-4938-b9d0-879ef3576ac7:36a9d282-3941-449c-875f-bb8fd6a45118\n","stream":"stdout","time":"2025-02-17T12:58:26.77118916Z"}
{"log":"Request: c43040ae-6846-4938-b9d0-879ef3576ac7:36a9d282-3941-449c-875f-bb8fd6a45118\n","stream":"stdout","time":"2025-02-17T12:58:26.860421291Z"}
{"log":"Request: c43040ae-6846-4938-b9d0-879ef3576ac7:36a9d282-3941-449c-875f-bb8fd6a45118\n","stream":"stdout","time":"2025-02-17T12:58:26.862056611Z"}
{"log":"Request: c43040ae-6846-4938-b9d0-879ef3576ac7:36a9d282-3941-449c-875f-bb8fd6a45118\n","stream":"stdout","time":"2025-02-17T12:58:28.85572532Z"}
{"log":"Request: c43040ae-6846-4938-b9d0-879ef3576ac7:36a9d282-3941-449c-875f-bb8fd6a45118\n","stream":"stdout","time":"2025-02-17T12:58:28.856720546Z"}
{"log":"Request: c43040ae-6846-4938-b9d0-879ef3576ac7:36a9d282-3941-449c-875f-bb8fd6a45118\n","stream":"stdout","time":"2025-02-17T12:58:28.947065028Z"}
{"log":"Request: c43040ae-6846-4938-b9d0-879ef3576ac7:36a9d282-3941-449c-875f-bb8fd6a45118\n","stream":"stdout","time":"2025-02-17T12:58:28.948730308Z"}
{"log":"Request: c43040ae-6846-4938-b9d0-879ef3576ac7:36a9d282-3941-449c-875f-bb8fd6a45118\n","stream":"stdout","time":"2025-02-17T12:58:30.94336911Z"}
{"log":"Request: c43040ae-6846-4938-b9d0-879ef3576ac7:36a9d282-3941-449c-875f-bb8fd6a45118\n","stream":"stdout","time":"2025-02-17T12:58:30.944279286Z"}
{"log":"Request: c43040ae-6846-4938-b9d0-879ef3576ac7:36a9d282-3941-449c-875f-bb8fd6a45118\n","stream":"stdout","time":"2025-02-17T12:58:31.034922599Z"}
{"log":"Request: c43040ae-6846-4938-b9d0-879ef3576ac7:36a9d282-3941-449c-875f-bb8fd6a45118\n","stream":"stdout","time":"2025-02-17T12:58:31.036408378Z"}
{"log":"Request: c43040ae-6846-4938-b9d0-879ef3576ac7:36a9d282-3941-449c-875f-bb8fd6a45118\n","stream":"stdout","time":"2025-02-17T12:58:33.03012346Z"}
{"log":"Request: c43040ae-6846-4938-b9d0-879ef3576ac7:36a9d282-3941-449c-875f-bb8fd6a45118\n","stream":"stdout","time":"2025-02-17T12:58:33.031996802Z"}
{"log":"Request: c43040ae-6846-4938-b9d0-879ef3576ac7:36a9d282-3941-449c-875f-bb8fd6a45118\n","stream":"stdout","time":"2025-02-17T12:58:33.120373501Z"}
{"log":"Request: c43040ae-6846-4938-b9d0-879ef3576ac7:36a9d282-3941-449c-875f-bb8fd6a45118\n","stream":"stdout","time":"2025-02-17T12:58:33.12177093Z"}
{"log":"Request: c43040ae-6846-4938-b9d0-879ef3576ac7:36a9d282-3941-449c-875f-bb8fd6a45118\n","stream":"stdout","time":"2025-02-17T12:58:35.120404879Z"}
{"log":"Request: c43040ae-6846-4938-b9d0-879ef3576ac7:36a9d282-3941-449c-875f-bb8fd6a45118\n","stream":"stdout","time":"2025-02-17T12:58:35.12224025Z"}
{"log":"Request: c43040ae-6846-4938-b9d0-879ef3576ac7:36a9d282-3941-449c-875f-bb8fd6a45118\n","stream":"stdout","time":"2025-02-17T12:58:35.210732235Z"}
{"log":"Request: c43040ae-6846-4938-b9d0-879ef3576ac7:36a9d282-3941-449c-875f-bb8fd6a45118\n","stream":"stdout","time":"2025-02-17T12:58:35.212385626Z"}
{"log":"Request: c43040ae-6846-4938-b9d0-879ef3576ac7:36a9d282-3941-449c-875f-bb8fd6a45118\n","stream":"stdout","time":"2025-02-17T12:58:37.223067172Z"}
{"log":"Request: c43040ae-6846-4938-b9d0-879ef3576ac7:36a9d282-3941-449c-875f-bb8fd6a45118\n","stream":"stdout","time":"2025-02-17T12:58:37.224898923Z"}
{"log":"Request: c43040ae-6846-4938-b9d0-879ef3576ac7:36a9d282-3941-449c-875f-bb8fd6a45118\n","stream":"stdout","time":"2025-02-17T12:58:37.299279796Z"}
{"log":"Request: c43040ae-6846-4938-b9d0-879ef3576ac7:36a9d282-3941-449c-875f-bb8fd6a45118\n","stream":"stdout","time":"2025-02-17T12:58:37.300863326Z"}
{"log":"Request: c43040ae-6846-4938-b9d0-879ef3576ac7:36a9d282-3941-449c-875f-bb8fd6a45118\n","stream":"stdout","time":"2025-02-17T12:58:39.306730843Z"}
{"log":"Request: c43040ae-6846-4938-b9d0-879ef3576ac7:36a9d282-3941-449c-875f-bb8fd6a45118\n","stream":"stdout","time":"2025-02-17T12:58:39.307429767Z"}
{"log":"Request: c43040ae-6846-4938-b9d0-879ef3576ac7:36a9d282-3941-449c-875f-bb8fd6a45118\n","stream":"stdout","time":"2025-02-17T12:58:39.398734481Z"}
{"log":"Request: c43040ae-6846-4938-b9d0-879ef3576ac7:36a9d282-3941-449c-875f-bb8fd6a45118\n","stream":"stdout","time":"2025-02-17T12:58:39.399545505Z"}
{"log":"Request: c43040ae-6846-4938-b9d0-879ef3576ac7:36a9d282-3941-449c-875f-bb8fd6a45118\n","stream":"stdout","time":"2025-02-17T12:58:41.395572271Z"}
{"log":"Request: c43040ae-6846-4938-b9d0-879ef3576ac7:36a9d282-3941-449c-875f-bb8fd6a45118\n","stream":"stdout","time":"2025-02-17T12:58:41.396355256Z"}
{"log":"Request: c43040ae-6846-4938-b9d0-879ef3576ac7:36a9d282-3941-449c-875f-bb8fd6a45118\n","stream":"stdout","time":"2025-02-17T12:58:41.484888273Z"}
{"log":"Request: c43040ae-6846-4938-b9d0-879ef3576ac7:36a9d282-3941-449c-875f-bb8fd6a45118\n","stream":"stdout","time":"2025-02-17T12:58:41.486344474Z"}
{"log":"Request: c43040ae-6846-4938-b9d0-879ef3576ac7:36a9d282-3941-449c-875f-bb8fd6a45118\n","stream":"stdout","time":"2025-02-17T12:58:43.48163259Z"}
{"log":"Request: c43040ae-6846-4938-b9d0-879ef3576ac7:36a9d282-3941-449c-875f-bb8fd6a45118\n","stream":"stdout","time":"2025-02-17T12:58:43.483776803Z"}
{"log":"Request: c43040ae-6846-4938-b9d0-879ef3576ac7:36a9d282-3941-449c-875f-bb8fd6a45118\n","stream":"stdout","time":"2025-02-17T12:58:43.573665557Z"}
{"log":"Request: c43040ae-6846-4938-b9d0-879ef3576ac7:36a9d282-3941-449c-875f-bb8fd6a45118\n","stream":"stdout","time":"2025-02-17T12:58:43.575161097Z"}
{"log":"Request: c43040ae-6846-4938-b9d0-879ef3576ac7:36a9d282-3941-449c-875f-bb8fd6a45118\n","stream":"stdout","time":"2025-02-17T12:58:45.584134959Z"}
{"log":"Request: c43040ae-6846-4938-b9d0-879ef3576ac7:36a9d282-3941-449c-875f-bb8fd6a45118\n","stream":"stdout","time":"2025-02-17T12:58:45.585390248Z"}
{"log":"Request: c43040ae-6846-4938-b9d0-879ef3576ac7:36a9d282-3941-449c-875f-bb8fd6a45118\n","stream":"stdout","time":"2025-02-17T12:58:45.660297648Z"}
{"log":"Request: c43040ae-6846-4938-b9d0-879ef3576ac7:36a9d282-3941-449c-875f-bb8fd6a45118\n","stream":"stdout","time":"2025-02-17T12:58:45.661791388Z"}
{"log":"Request: c43040ae-6846-4938-b9d0-879ef3576ac7:36a9d282-3941-449c-875f-bb8fd6a45118\n","stream":"stdout","time":"2025-02-17T12:58:47.670943011Z"}
{"log":"Request: c43040ae-6846-4938-b9d0-879ef3576ac7:36a9d282-3941-449c-875f-bb8fd6a45118\n","stream":"stdout","time":"2025-02-17T12:58:47.67226391Z"}
{"log":"Request: c43040ae-6846-4938-b9d0-879ef3576ac7:36a9d282-3941-449c-875f-bb8fd6a45118\n","stream":"stdout","time":"2025-02-17T12:58:47.746543548Z"}
{"log":"Request: c43040ae-6846-4938-b9d0-879ef3576ac7:36a9d282-3941-449c-875f-bb8fd6a45118\n","stream":"stdout","time":"2025-02-17T12:58:47.747851166Z"}
{"log":"Request: c43040ae-6846-4938-b9d0-879ef3576ac7:36a9d282-3941-449c-875f-bb8fd6a45118\n","stream":"stdout","time":"2025-02-17T12:58:49.748841478Z"}
{"log":"Request: c43040ae-6846-4938-b9d0-879ef3576ac7:36a9d282-3941-449c-875f-bb8fd6a45118\n","stream":"stdout","time":"2025-02-17T12:58:49.751055162Z"}
{"log":"Request: c43040ae-6846-4938-b9d0-879ef3576ac7:36a9d282-3941-449c-875f-bb8fd6a45118\n","stream":"stdout","time":"2025-02-17T12:58:49.825045058Z"}
{"log":"Request: c43040ae-6846-4938-b9d0-879ef3576ac7:36a9d282-3941-449c-875f-bb8fd6a45118\n","stream":"stdout","time":"2025-02-17T12:58:49.826349937Z"}
{"log":"Request: c43040ae-6846-4938-b9d0-879ef3576ac7:36a9d282-3941-449c-875f-bb8fd6a45118\n","stream":"stdout","time":"2025-02-17T12:58:51.82702178Z"}
{"log":"Request: c43040ae-6846-4938-b9d0-879ef3576ac7:36a9d282-3941-449c-875f-bb8fd6a45118\n","stream":"stdout","time":"2025-02-17T12:58:51.828303709Z"}
{"log":"Request: c43040ae-6846-4938-b9d0-879ef3576ac7:36a9d282-3941-449c-875f-bb8fd6a45118\n","stream":"stdout","time":"2025-02-17T12:58:51.917837637Z"}
{"log":"Request: c43040ae-6846-4938-b9d0-879ef3576ac7:36a9d282-3941-449c-875f-bb8fd6a45118\n","stream":"stdout","time":"2025-02-17T12:58:51.919385896Z"}
{"log":"Request: c43040ae-6846-4938-b9d0-879ef3576ac7:36a9d282-3941-449c-875f-bb8fd6a45118\n","stream":"stdout","time":"2025-02-17T12:58:53.920016784Z"}
{"log":"Request: c43040ae-6846-4938-b9d0-879ef3576ac7:36a9d282-3941-449c-875f-bb8fd6a45118\n","stream":"stdout","time":"2025-02-17T12:58:53.922016456Z"}
{"log":"Request: c43040ae-6846-4938-b9d0-879ef3576ac7:36a9d282-3941-449c-875f-bb8fd6a45118\n","stream":"stdout","time":"2025-02-17T12:58:53.996756119Z"}
{"log":"Request: c43040ae-6846-4938-b9d0-879ef3576ac7:36a9d282-3941-449c-875f-bb8fd6a45118\n","stream":"stdout","time":"2025-02-17T12:58:54.013448917Z"}
{"log":"Request: c43040ae-6846-4938-b9d0-879ef3576ac7:36a9d282-3941-449c-875f-bb8fd6a45118\n","stream":"stdout","time":"2025-02-17T12:58:56.004802338Z"}
{"log":"Request: c43040ae-6846-4938-b9d0-879ef3576ac7:36a9d282-3941-449c-875f-bb8fd6a45118\n","stream":"stdout","time":"2025-02-17T12:58:56.00668611Z"}
{"log":"Request: c43040ae-6846-4938-b9d0-879ef3576ac7:36a9d282-3941-449c-875f-bb8fd6a45118\n","stream":"stdout","time":"2025-02-17T12:58:56.081618798Z"}
{"log":"Request: c43040ae-6846-4938-b9d0-879ef3576ac7:36a9d282-3941-449c-875f-bb8fd6a45118\n","stream":"stdout","time":"2025-02-17T12:58:56.098286775Z"}
{"log":"Request: c43040ae-6846-4938-b9d0-879ef3576ac7:36a9d282-3941-449c-875f-bb8fd6a45118\n","stream":"stdout","time":"2025-02-17T12:58:58.090698378Z"}
{"log":"Request: c43040ae-6846-4938-b9d0-879ef3576ac7:36a9d282-3941-449c-875f-bb8fd6a45118\n","stream":"stdout","time":"2025-02-17T12:58:58.093216244Z"}
{"log":"Request: c43040ae-6846-4938-b9d0-879ef3576ac7:36a9d282-3941-449c-875f-bb8fd6a45118\n","stream":"stdout","time":"2025-02-17T12:58:58.165324281Z"}
{"log":"Request: c43040ae-6846-4938-b9d0-879ef3576ac7:36a9d282-3941-449c-875f-bb8fd6a45118\n","stream":"stdout","time":"2025-02-17T12:58:58.181879559Z"}
{"log":"Request: c43040ae-6846-4938-b9d0-879ef3576ac7:36a9d282-3941-449c-875f-bb8fd6a45118\n","stream":"stdout","time":"2025-02-17T12:59:00.193949964Z"}
{"log":"Request: c43040ae-6846-4938-b9d0-879ef3576ac7:36a9d282-3941-449c-875f-bb8fd6a45118\n","stream":"stdout","time":"2025-02-17T12:59:00.194986471Z"}
{"log":"Request: c43040ae-6846-4938-b9d0-879ef3576ac7:36a9d282-3941-449c-875f-bb8fd6a45118\n","stream":"stdout","time":"2025-02-17T12:59:00.254161326Z"}
{"log":"Request: c43040ae-6846-4938-b9d0-879ef3576ac7:36a9d282-3941-449c-875f-bb8fd6a45118\n","stream":"stdout","time":"2025-02-17T12:59:00.271091486Z"}
{"log":"Request: c43040ae-6846-4938-b9d0-879ef3576ac7:36a9d282-3941-449c-875f-bb8fd6a45118\n","stream":"stdout","time":"2025-02-17T12:59:02.281402635Z"}
{"log":"Request: c43040ae-6846-4938-b9d0-879ef3576ac7:36a9d282-3941-449c-875f-bb8fd6a45118\n","stream":"stdout","time":"2025-02-17T12:59:02.282758993Z"}
{"log":"Request: c43040ae-6846-4938-b9d0-879ef3576ac7:36a9d282-3941-449c-875f-bb8fd6a45118\n","stream":"stdout","time":"2025-02-17T12:59:02.34223138Z"}
{"log":"Request: c43040ae-6846-4938-b9d0-879ef3576ac7:36a9d282-3941-449c-875f-bb8fd6a45118\n","stream":"stdout","time":"2025-02-17T12:59:02.358682167Z"}
{"log":"Request: c43040ae-6846-4938-b9d0-879ef3576ac7:36a9d282-3941-449c-875f-bb8fd6a45118\n","stream":"stdout","time":"2025-02-17T12:59:04.368423106Z"}
{"log":"Request: c43040ae-6846-4938-b9d0-879ef3576ac7:36a9d282-3941-449c-875f-bb8fd6a45118\n","stream":"stdout","time":"2025-02-17T12:59:04.369657863Z"}
{"log":"Request: c43040ae-6846-4938-b9d0-879ef3576ac7:36a9d282-3941-449c-875f-bb8fd6a45118\n","stream":"stdout","time":"2025-02-17T12:59:04.429832776Z"}
{"log":"Request: c43040ae-6846-4938-b9d0-879ef3576ac7:36a9d282-3941-449c-875f-bb8fd6a45118\n","stream":"stdout","time":"2025-02-17T12:59:04.446654726Z"}
{"log":"Request: c43040ae-6846-4938-b9d0-879ef3576ac7:36a9d282-3941-449c-875f-bb8fd6a45118\n","stream":"stdout","time":"2025-02-17T12:59:06.457845569Z"}
{"log":"Request: c43040ae-6846-4938-b9d0-879ef3576ac7:36a9d282-3941-449c-875f-bb8fd6a45118\n","stream":"stdout","time":"2025-02-17T12:59:06.45952452Z"}
{"log":"Request: c43040ae-6846-4938-b9d0-879ef3576ac7:36a9d282-3941-449c-875f-bb8fd6a45118\n","stream":"stdout","time":"2025-02-17T12:59:06.518845286Z"}
{"log":"Request: c43040ae-6846-4938-b9d0-879ef3576ac7:36a9d282-3941-449c-875f-bb8fd6a45118\n","stream":"stdout","time":"2025-02-17T12:59:06.536021849Z"}
{"log":"Request: c43040ae-6846-4938-b9d0-879ef3576ac7:36a9d282-3941-449c-875f-bb8fd6a45118\n","stream":"stdout","time":"2025-02-17T12:59:08.545687446Z"}
{"log":"Request: c43040ae-6846-4938-b9d0-879ef3576ac7:36a9d282-3941-449c-875f-bb8fd6a45118\n","stream":"stdout","time":"2025-02-17T12:59:08.54774513Z"}
{"log":"Request: c43040ae-6846-4938-b9d0-879ef3576ac7:36a9d282-3941-449c-875f-bb8fd6a45118\n","stream":"stdout","time":"2025-02-17T12:59:08.606291483Z"}
{"log":"Request: c43040ae-6846-4938-b9d0-879ef3576ac7:36a9d282-3941-449c-875f-bb8fd6a45118\n","stream":"stdout","time":"2025-02-17T12:59:08.622518169Z"}
{"log":"Request: c43040ae-6846-4938-b9d0-879ef3576ac7:36a9d282-3941-449c-875f-bb8fd6a45118\n","stream":"stdout","time":"2025-02-17T12:59:10.631109183Z"}
{"log":"Request: c43040ae-6846-4938-b9d0-879ef3576ac7:36a9d282-3941-449c-875f-bb8fd6a45118\n","stream":"stdout","time":"2025-02-17T12:59:10.633218196Z"}
{"log":"Request: c43040ae-6846-4938-b9d0-879ef3576ac7:36a9d282-3941-449c-875f-bb8fd6a45118\n","stream":"stdout","time":"2025-02-17T12:59:10.691520189Z"}
{"log":"Request: c43040ae-6846-4938-b9d0-879ef3576ac7:36a9d282-3941-449c-875f-bb8fd6a45118\n","stream":"stdout","time":"2025-02-17T12:59:10.708180538Z"}
{"log":"Request: c43040ae-6846-4938-b9d0-879ef3576ac7:36a9d282-3941-449c-875f-bb8fd6a45118\n","stream":"stdout","time":"2025-02-17T12:59:12.719377113Z"}
{"log":"Request: c43040ae-6846-4938-b9d0-879ef3576ac7:36a9d282-3941-449c-875f-bb8fd6a45118\n","stream":"stdout","time":"2025-02-17T12:59:12.721298045Z"}
{"log":"Request: c43040ae-6846-4938-b9d0-879ef3576ac7:36a9d282-3941-449c-875f-bb8fd6a45118\n","stream":"stdout","time":"2025-02-17T12:59:12.780086131Z"}
{"log":"Request: c43040ae-6846-4938-b9d0-879ef3576ac7:36a9d282-3941-449c-875f-bb8fd6a45118\n","stream":"stdout","time":"2025-02-17T12:59:12.796470459Z"}
{"log":"Request: c43040ae-6846-4938-b9d0-879ef3576ac7:36a9d282-3941-449c-875f-bb8fd6a45118\n","stream":"stdout","time":"2025-02-17T12:59:14.804748159Z"}
{"log":"Request: c43040ae-6846-4938-b9d0-879ef3576ac7:36a9d282-3941-449c-875f-bb8fd6a45118\n","stream":"stdout","time":"2025-02-17T12:59:14.806075607Z"}
{"log":"Request: c43040ae-6846-4938-b9d0-879ef3576ac7:36a9d282-3941-449c-875f-bb8fd6a45118\n","stream":"stdout","time":"2025-02-17T12:59:14.880752209Z"}
{"log":"Request: c43040ae-6846-4938-b9d0-879ef3576ac7:36a9d282-3941-449c-875f-bb8fd6a45118\n","stream":"stdout","time":"2025-02-17T12:59:14.882249228Z"}
{"log":"Request: c43040ae-6846-4938-b9d0-879ef3576ac7:36a9d282-3941-449c-875f-bb8fd6a45118\n","stream":"stdout","time":"2025-02-17T12:59:16.895355872Z"}
{"log":"Request: c43040ae-6846-4938-b9d0-879ef3576ac7:36a9d282-3941-449c-875f-bb8fd6a45118\n","stream":"stdout","time":"2025-02-17T12:59:16.896456279Z"}
{"log":"Request: c43040ae-6846-4938-b9d0-879ef3576ac7:36a9d282-3941-449c-875f-bb8fd6a45118\n","stream":"stdout","time":"2025-02-17T12:59:16.971620055Z"}
{"log":"Request: c43040ae-6846-4938-b9d0-879ef3576ac7:36a9d282-3941-449c-875f-bb8fd6a45118\n","stream":"stdout","time":"2025-02-17T12:59:16.972742013Z"}
{"log":"Request: c43040ae-6846-4938-b9d0-879ef3576ac7:36a9d282-3941-449c-875f-bb8fd6a45118\n","stream":"stdout","time":"2025-02-17T12:59:18.986336055Z"}
{"log":"Request: c43040ae-6846-4938-b9d0-879ef3576ac7:36a9d282-3941-449c-875f-bb8fd6a45118\n","stream":"stdout","time":"2025-02-17T12:59:18.987359452Z"}
{"log":"Request: c43040ae-6846-4938-b9d0-879ef3576ac7:36a9d282-3941-449c-875f-bb8fd6a45118\n","stream":"stdout","time":"2025-02-17T12:59:19.0628332Z"}
{"log":"Request: c43040ae-6846-4938-b9d0-879ef3576ac7:36a9d282-3941-449c-875f-bb8fd6a45118\n","stream":"stdout","time":"2025-02-17T12:59:19.06427936Z"}
{"log":"Request: c43040ae-6846-4938-b9d0-879ef3576ac7:36a9d282-3941-449c-875f-bb8fd6a45118\n","stream":"stdout","time":"2025-02-17T12:59:21.063780912Z"}
{"log":"Request: c43040ae-6846-4938-b9d0-879ef3576ac7:36a9d282-3941-449c-875f-bb8fd6a45118\n","stream":"stdout","time":"2025-02-17T12:59:21.064886849Z"}
{"log":"Request: c43040ae-6846-4938-b9d0-879ef3576ac7:36a9d282-3941-449c-875f-bb8fd6a45118\n","stream":"stdout","time":"2025-02-17T12:59:21.155890202Z"}
{"log":"Request: c43040ae-6846-4938-b9d0-879ef3576ac7:36a9d282-3941-449c-875f-bb8fd6a45118\n","stream":"stdout","time":"2025-02-17T12:59:21.157815414Z"}
{"log":"Request: c43040ae-6846-4938-b9d0-879ef3576ac7:36a9d282-3941-449c-875f-bb8fd6a45118\n","stream":"stdout","time":"2025-02-17T12:59:23.15419645Z"}
{"log":"Request: c43040ae-6846-4938-b9d0-879ef3576ac7:36a9d282-3941-449c-875f-bb8fd6a45118\n","stream":"stdout","time":"2025-02-17T12:59:23.155374438Z"}
{"log":"Request: c43040ae-6846-4938-b9d0-879ef3576ac7:36a9d282-3941-449c-875f-bb8fd6a45118\n","stream":"stdout","time":"2025-02-17T12:59:23.245690036Z"}
{"log":"Request: c43040ae-6846-4938-b9d0-879ef3576ac7:36a9d282-3941-449c-875f-bb8fd6a45118\n","stream":"stdout","time":"2025-02-17T12:59:23.246799634Z"}
{"log":"Request: c43040ae-6846-4938-b9d0-879ef3576ac7:36a9d282-3941-449c-875f-bb8fd6a45118\n","stream":"stdout","time":"2025-02-17T12:59:25.255384453Z"}
{"log":"Request: c43040ae-6846-4938-b9d0-879ef3576ac7:36a9d282-3941-449c-875f-bb8fd6a45118\n","stream":"stdout","time":"2025-02-17T12:59:25.257537286Z"}
{"log":"Request: c43040ae-6846-4938-b9d0-879ef3576ac7:36a9d282-3941-449c-875f-bb8fd6a45118\n","stream":"stdout","time":"2025-02-17T12:59:25.331972581Z"}
{"log":"Request: c43040ae-6846-4938-b9d0-879ef3576ac7:36a9d282-3941-449c-875f-bb8fd6a45118\n","stream":"stdout","time":"2025-02-17T12:59:25.33336793Z"}
{"log":"Request: c43040ae-6846-4938-b9d0-879ef3576ac7:36a9d282-3941-449c-875f-bb8fd6a45118\n","stream":"stdout","time":"2025-02-17T12:59:27.344698031Z"}
{"log":"Request: c43040ae-6846-4938-b9d0-879ef3576ac7:36a9d282-3941-449c-875f-bb8fd6a45118\n","stream":"stdout","time":"2025-02-17T12:59:27.347041436Z"}
{"log":"Request: c43040ae-6846-4938-b9d0-879ef3576ac7:36a9d282-3941-449c-875f-bb8fd6a45118\n","stream":"stdout","time":"2025-02-17T12:59:27.420284542Z"}
{"log":"Request: c43040ae-6846-4938-b9d0-879ef3576ac7:36a9d282-3941-449c-875f-bb8fd6a45118\n","stream":"stdout","time":"2025-02-17T12:59:27.422137114Z"}
{"log":"Request: c43040ae-6846-4938-b9d0-879ef3576ac7:36a9d282-3941-449c-875f-bb8fd6a45118\n","stream":"stdout","time":"2025-02-17T12:59:29.433150627Z"}
{"log":"Request: c43040ae-6846-4938-b9d0-879ef3576ac7:36a9d282-3941-449c-875f-bb8fd6a45118\n","stream":"stdout","time":"2025-02-17T12:59:29.43500691Z"}
{"log":"Request: c43040ae-6846-4938-b9d0-879ef3576ac7:36a9d282-3941-449c-875f-bb8fd6a45118\n","stream":"stdout","time":"2025-02-17T12:59:29.50865953Z"}
{"log":"Request: c43040ae-6846-4938-b9d0-879ef3576ac7:36a9d282-3941-449c-875f-bb8fd6a45118\n","stream":"stdout","time":"2025-02-17T12:59:29.510483353Z"}
{"log":"Request: c43040ae-6846-4938-b9d0-879ef3576ac7:36a9d282-3941-449c-875f-bb8fd6a45118\n","stream":"stdout","time":"2025-02-17T12:59:31.517041659Z"}
{"log":"Request: c43040ae-6846-4938-b9d0-879ef3576ac7:36a9d282-3941-449c-875f-bb8fd6a45118\n","stream":"stdout","time":"2025-02-17T12:59:31.51860457Z"}
{"log":"Request: c43040ae-6846-4938-b9d0-879ef3576ac7:36a9d282-3941-449c-875f-bb8fd6a45118\n","stream":"stdout","time":"2025-02-17T12:59:31.592888815Z"}
{"log":"Request: c43040ae-6846-4938-b9d0-879ef3576ac7:36a9d282-3941-449c-875f-bb8fd6a45118\n","stream":"stdout","time":"2025-02-17T12:59:31.594712147Z"}
{"log":"Request: c43040ae-6846-4938-b9d0-879ef3576ac7:36a9d282-3941-449c-875f-bb8fd6a45118\n","stream":"stdout","time":"2025-02-17T12:59:33.605604374Z"}
{"log":"Request: c43040ae-6846-4938-b9d0-879ef3576ac7:36a9d282-3941-449c-875f-bb8fd6a45118\n","stream":"stdout","time":"2025-02-17T12:59:33.606690841Z"}
{"log":"Request: c43040ae-6846-4938-b9d0-879ef3576ac7:36a9d282-3941-449c-875f-bb8fd6a45118\n","stream":"stdout","time":"2025-02-17T12:59:33.681876784Z"}
{"log":"Request: c43040ae-6846-4938-b9d0-879ef3576ac7:36a9d282-3941-449c-875f-bb8fd6a45118\n","stream":"stdout","time":"2025-02-17T12:59:33.683370074Z"}
{"log":"Request: c43040ae-6846-4938-b9d0-879ef3576ac7:36a9d282-3941-449c-875f-bb8fd6a45118\n","stream":"stdout","time":"2025-02-17T12:59:35.69489663Z"}
{"log":"Request: c43040ae-6846-4938-b9d0-879ef3576ac7:36a9d282-3941-449c-875f-bb8fd6a45118\n","stream":"stdout","time":"2025-02-17T12:59:35.697167834Z"}
{"log":"Request: c43040ae-6846-4938-b9d0-879ef3576ac7:36a9d282-3941-449c-875f-bb8fd6a45118\n","stream":"stdout","time":"2025-02-17T12:59:35.785045182Z"}
{"log":"Request: c43040ae-6846-4938-b9d0-879ef3576ac7:36a9d282-3941-449c-875f-bb8fd6a45118\n","stream":"stdout","time":"2025-02-17T12:59:35.786945045Z"}
{"log":"Request: c43040ae-6846-4938-b9d0-879ef3576ac7:36a9d282-3941-449c-875f-bb8fd6a45118\n","stream":"stdout","time":"2025-02-17T12:59:37.782032141Z"}
{"log":"Request: c43040ae-6846-4938-b9d0-879ef3576ac7:36a9d282-3941-449c-875f-bb8fd6a45118\n","stream":"stdout","time":"2025-02-17T12:59:37.783756784Z"}
{"log":"Request: c43040ae-6846-4938-b9d0-879ef3576ac7:36a9d282-3941-449c-875f-bb8fd6a45118\n","stream":"stdout","time":"2025-02-17T12:59:37.872817142Z"}
{"log":"Request: c43040ae-6846-4938-b9d0-879ef3576ac7:36a9d282-3941-449c-875f-bb8fd6a45118\n","stream":"stdout","time":"2025-02-17T12:59:37.874214371Z"}
{"log":"Request: c43040ae-6846-4938-b9d0-879ef3576ac7:36a9d282-3941-449c-875f-bb8fd6a45118\n","stream":"stdout","time":"2025-02-17T12:59:39.873625649Z"}
{"log":"Request: c43040ae-6846-4938-b9d0-879ef3576ac7:36a9d282-3941-449c-875f-bb8fd6a45118\n","stream":"stdout","time":"2025-02-17T12:59:39.876117256Z"}
{"log":"Request: c43040ae-6846-4938-b9d0-879ef3576ac7:36a9d282-3941-449c-875f-bb8fd6a45118\n","stream":"stdout","time":"2025-02-17T12:59:39.96466487Z"}
{"log":"Request: c43040ae-6846-4938-b9d0-879ef3576ac7:36a9d282-3941-449c-875f-bb8fd6a45118\n","stream":"stdout","time":"2025-02-17T12:59:39.966693354Z"}
{"log":"Request: c43040ae-6846-4938-b9d0-879ef3576ac7:36a9d282-3941-449c-875f-bb8fd6a45118\n","stream":"stdout","time":"2025-02-17T12:59:41.950144369Z"}
{"log":"Request: c43040ae-6846-4938-b9d0-879ef3576ac7:36a9d282-3941-449c-875f-bb8fd6a45118\n","stream":"stdout","time":"2025-02-17T12:59:41.966696449Z"}
{"log":"Request: c43040ae-6846-4938-b9d0-879ef3576ac7:36a9d282-3941-449c-875f-bb8fd6a45118\n","stream":"stdout","time":"2025-02-17T12:59:42.057109958Z"}
{"log":"Request: c43040ae-6846-4938-b9d0-879ef3576ac7:36a9d282-3941-449c-875f-bb8fd6a45118\n","stream":"stdout","time":"2025-02-17T12:59:42.05897182Z"}
{"log":"Request: c43040ae-6846-4938-b9d0-879ef3576ac7:36a9d282-3941-449c-875f-bb8fd6a45118\n","stream":"stdout","time":"2025-02-17T12:59:44.03566767Z"}
{"log":"Request: c43040ae-6846-4938-b9d0-879ef3576ac7:36a9d282-3941-449c-875f-bb8fd6a45118\n","stream":"stdout","time":"2025-02-17T12:59:44.052616835Z"}
{"log":"Request: c43040ae-6846-4938-b9d0-879ef3576ac7:36a9d282-3941-449c-875f-bb8fd6a45118\n","stream":"stdout","time":"2025-02-17T12:59:44.143361318Z"}
{"log":"Request: c43040ae-6846-4938-b9d0-879ef3576ac7:36a9d282-3941-449c-875f-bb8fd6a45118\n","stream":"stdout","time":"2025-02-17T12:59:44.144757787Z"}
{"log":"Request: c43040ae-6846-4938-b9d0-879ef3576ac7:36a9d282-3941-449c-875f-bb8fd6a45118\n","stream":"stdout","time":"2025-02-17T12:59:46.125307194Z"}
{"log":"Request: c43040ae-6846-4938-b9d0-879ef3576ac7:36a9d282-3941-449c-875f-bb8fd6a45118\n","stream":"stdout","time":"2025-02-17T12:59:46.141740986Z"}
{"log":"Request: c43040ae-6846-4938-b9d0-879ef3576ac7:36a9d282-3941-449c-875f-bb8fd6a45118\n","stream":"stdout","time":"2025-02-17T12:59:46.231521582Z"}
{"log":"Request: c43040ae-6846-4938-b9d0-879ef3576ac7:36a9d282-3941-449c-875f-bb8fd6a45118\n","stream":"stdout","time":"2025-02-17T12:59:46.232828191Z"}
{"log":"Request: c43040ae-6846-4938-b9d0-879ef3576ac7:36a9d282-3941-449c-875f-bb8fd6a45118\n","stream":"stdout","time":"2025-02-17T12:59:48.211563929Z"}
{"log":"Request: c43040ae-6846-4938-b9d0-879ef3576ac7:36a9d282-3941-449c-875f-bb8fd6a45118\n","stream":"stdout","time":"2025-02-17T12:59:48.228531075Z"}
{"log":"Request: c43040ae-6846-4938-b9d0-879ef3576ac7:36a9d282-3941-449c-875f-bb8fd6a45118\n","stream":"stdout","time":"2025-02-17T12:59:48.333430294Z"}
{"log":"Request: c43040ae-6846-4938-b9d0-879ef3576ac7:36a9d282-3941-449c-875f-bb8fd6a45118\n","stream":"stdout","time":"2025-02-17T12:59:48.334998765Z"}
{"log":"Request: c43040ae-6846-4938-b9d0-879ef3576ac7:36a9d282-3941-449c-875f-bb8fd6a45118\n","stream":"stdout","time":"2025-02-17T12:59:50.300321102Z"}
{"log":"Request: c43040ae-6846-4938-b9d0-879ef3576ac7:36a9d282-3941-449c-875f-bb8fd6a45118\n","stream":"stdout","time":"2025-02-17T12:59:50.316618563Z"}
{"log":"Request: c43040ae-6846-4938-b9d0-879ef3576ac7:36a9d282-3941-449c-875f-bb8fd6a45118\n","stream":"stdout","time":"2025-02-17T12:59:50.42224177Z"}
{"log":"Request: c43040ae-6846-4938-b9d0-879ef3576ac7:36a9d282-3941-449c-875f-bb8fd6a45118\n","stream":"stdout","time":"2025-02-17T12:59:50.42377775Z"}
{"log":"Request: c43040ae-6846-4938-b9d0-879ef3576ac7:36a9d282-3941-449c-875f-bb8fd6a45118\n","stream":"stdout","time":"2025-02-17T12:59:52.388819709Z"}
{"log":"Request: c43040ae-6846-4938-b9d0-879ef3576ac7:36a9d282-3941-449c-875f-bb8fd6a45118\n","stream":"stdout","time":"2025-02-17T12:59:52.405363202Z"}
{"log":"Request: c43040ae-6846-4938-b9d0-879ef3576ac7:36a9d282-3941-449c-875f-bb8fd6a45118\n","stream":"stdout","time":"2025-02-17T12:59:52.509584939Z"}
{"log":"Request: c43040ae-6846-4938-b9d0-879ef3576ac7:36a9d282-3941-449c-875f-bb8fd6a45118\n","stream":"stdout","time":"2025-02-17T12:59:52.51116748Z"}
{"log":"Request: c43040ae-6846-4938-b9d0-879ef3576ac7:36a9d282-3941-449c-875f-bb8fd6a45118\n","stream":"stdout","time":"2025-02-17T12:59:54.476755277Z"}
{"log":"Request: c43040ae-6846-4938-b9d0-879ef3576ac7:36a9d282-3941-449c-875f-bb8fd6a45118\n","stream":"stdout","time":"2025-02-17T12:59:54.506981842Z"}
{"log":"Request: c43040ae-6846-4938-b9d0-879ef3576ac7:36a9d282-3941-449c-875f-bb8fd6a45118\n","stream":"stdout","time":"2025-02-17T12:59:54.596981374Z"}
{"log":"Request: c43040ae-6846-4938-b9d0-879ef3576ac7:36a9d282-3941-449c-875f-bb8fd6a45118\n","stream":"stdout","time":"2025-02-17T12:59:54.598710015Z"}
